C:\USERS\TOMEK\DOCUMENTS\VISUAL STUDIO 2010\PROJECTS\CZAS_1\CZAS_PRACY\MSV_CZAS_PRACY\MSV_WORK_TIMER\MSV_WORK_TIMER\RELEASE\FUNCTIONS.OBJ
C:\USERS\TOMEK\DOCUMENTS\VISUAL STUDIO 2010\PROJECTS\CZAS_1\CZAS_PRACY\MSV_CZAS_PRACY\MSV_WORK_TIMER\MSV_WORK_TIMER\RELEASE\MAIN.OBJ
C:\USERS\TOMEK\DOCUMENTS\VISUAL STUDIO 2010\PROJECTS\CZAS_1\CZAS_PRACY\MSV_CZAS_PRACY\MSV_WORK_TIMER\MSV_WORK_TIMER\RELEASE\MSV_WORK_TIMER.EXE.INTERMEDIATE.MANIFEST
C:\USERS\TOMEK\DOCUMENTS\VISUAL STUDIO 2010\PROJECTS\CZAS_1\CZAS_PRACY\MSV_CZAS_PRACY\MSV_WORK_TIMER\MSV_WORK_TIMER\RELEASE\PROGRAM_RESORUCES.RES
C:\USERS\TOMEK\DOCUMENTS\VISUAL STUDIO 2010\PROJECTS\CZAS_1\CZAS_PRACY\MSV_CZAS_PRACY\MSV_WORK_TIMER\MSV_WORK_TIMER\RELEASE\VC100.PDB
C:\USERS\TOMEK\DOCUMENTS\VISUAL STUDIO 2010\PROJECTS\CZAS_1\CZAS_PRACY\MSV_CZAS_PRACY\MSV_WORK_TIMER\RELEASE\MSV_WORK_TIMER.EXE
C:\USERS\TOMEK\DOCUMENTS\VISUAL STUDIO 2010\PROJECTS\CZAS_1\CZAS_PRACY\MSV_CZAS_PRACY\MSV_WORK_TIMER\RELEASE\MSV_WORK_TIMER.PDB
E:\E_PROGRAMOWANIE\VISUAL STUDIO 2010 PROJECTS\WORK TIMER\MSV_WORK_TIMER\MSV_WORK_TIMER\RELEASE\FUNCTIONS.OBJ
E:\E_PROGRAMOWANIE\VISUAL STUDIO 2010 PROJECTS\WORK TIMER\MSV_WORK_TIMER\MSV_WORK_TIMER\RELEASE\MAIN.OBJ
E:\E_PROGRAMOWANIE\VISUAL STUDIO 2010 PROJECTS\WORK TIMER\MSV_WORK_TIMER\MSV_WORK_TIMER\RELEASE\MSV_WORK_TIMER.EXE.INTERMEDIATE.MANIFEST
E:\E_PROGRAMOWANIE\VISUAL STUDIO 2010 PROJECTS\WORK TIMER\MSV_WORK_TIMER\MSV_WORK_TIMER\RELEASE\PROGRAM_RESORUCES.RES
E:\E_PROGRAMOWANIE\VISUAL STUDIO 2010 PROJECTS\WORK TIMER\MSV_WORK_TIMER\MSV_WORK_TIMER\RELEASE\VC100.PDB
E:\E_PROGRAMOWANIE\VISUAL STUDIO 2010 PROJECTS\WORK TIMER\MSV_WORK_TIMER\RELEASE\MSV_WORK_TIMER.EXE
E:\E_PROGRAMOWANIE\VISUAL STUDIO 2010 PROJECTS\WORK TIMER\MSV_WORK_TIMER\RELEASE\MSV_WORK_TIMER.PDB
E:\E_Programowanie\Visual Studio 2010 Projects\Work Timer\WorkTimer\MSV_Work_timer\Release\cl.command.1.tlog
E:\E_Programowanie\Visual Studio 2010 Projects\Work Timer\WorkTimer\MSV_Work_timer\Release\CL.read.1.tlog
E:\E_Programowanie\Visual Studio 2010 Projects\Work Timer\WorkTimer\MSV_Work_timer\Release\CL.write.1.tlog
E:\E_PROGRAMOWANIE\VISUAL STUDIO 2010 PROJECTS\WORK TIMER\WORKTIMER\MSV_WORK_TIMER\RELEASE\FUNCTIONS.OBJ
E:\E_Programowanie\Visual Studio 2010 Projects\Work Timer\WorkTimer\MSV_Work_timer\Release\link.command.1.tlog
E:\E_Programowanie\Visual Studio 2010 Projects\Work Timer\WorkTimer\MSV_Work_timer\Release\link.read.1.tlog
E:\E_Programowanie\Visual Studio 2010 Projects\Work Timer\WorkTimer\MSV_Work_timer\Release\link.write.1.tlog
E:\E_Programowanie\Visual Studio 2010 Projects\Work Timer\WorkTimer\MSV_Work_timer\Release\link-cvtres.read.1.tlog
E:\E_Programowanie\Visual Studio 2010 Projects\Work Timer\WorkTimer\MSV_Work_timer\Release\link-cvtres.write.1.tlog
E:\E_PROGRAMOWANIE\VISUAL STUDIO 2010 PROJECTS\WORK TIMER\WORKTIMER\MSV_WORK_TIMER\RELEASE\MAIN.OBJ
E:\E_PROGRAMOWANIE\VISUAL STUDIO 2010 PROJECTS\WORK TIMER\WORKTIMER\MSV_WORK_TIMER\RELEASE\MSV_WORK_TIMER.EXE.INTERMEDIATE.MANIFEST
E:\E_Programowanie\Visual Studio 2010 Projects\Work Timer\WorkTimer\MSV_Work_timer\Release\mt.command.1.tlog
E:\E_Programowanie\Visual Studio 2010 Projects\Work Timer\WorkTimer\MSV_Work_timer\Release\mt.read.1.tlog
E:\E_Programowanie\Visual Studio 2010 Projects\Work Timer\WorkTimer\MSV_Work_timer\Release\mt.write.1.tlog
E:\E_PROGRAMOWANIE\VISUAL STUDIO 2010 PROJECTS\WORK TIMER\WORKTIMER\MSV_WORK_TIMER\RELEASE\PROGRAM_RESORUCES.RES
E:\E_Programowanie\Visual Studio 2010 Projects\Work Timer\WorkTimer\MSV_Work_timer\Release\rc.command.1.tlog
E:\E_Programowanie\Visual Studio 2010 Projects\Work Timer\WorkTimer\MSV_Work_timer\Release\rc.read.1.tlog
E:\E_Programowanie\Visual Studio 2010 Projects\Work Timer\WorkTimer\MSV_Work_timer\Release\rc.write.1.tlog
E:\E_PROGRAMOWANIE\VISUAL STUDIO 2010 PROJECTS\WORK TIMER\WORKTIMER\MSV_WORK_TIMER\RELEASE\VC100.PDB
E:\E_PROGRAMOWANIE\VISUAL STUDIO 2010 PROJECTS\WORK TIMER\WORKTIMER\RELEASE\MSV_WORK_TIMER.EXE
E:\E_PROGRAMOWANIE\VISUAL STUDIO 2010 PROJECTS\WORK TIMER\WORKTIMER\RELEASE\MSV_WORK_TIMER.PDB
