Build started 2012-04-13 22:03:30.
     1>Project "C:\Users\Tomek\Documents\Visual Studio 2010\Projects\Czas_1\Czas_pracy\MSV_Czas_Pracy\MSV_Work_timer\MSV_Work_timer\MSV_Work_timer.vcxproj" on node 2 (build target(s)).
     1>InitializeBuildStatus:
         Creating "Debug\MSV_Work_timer.unsuccessfulbuild" because "AlwaysCreate" was specified.
       ClCompile:
         e:\Visual Studio 2010\VC\bin\CL.exe /c /ZI /nologo /W3 /WX- /Od /Oy- /D WIN32 /D _DEBUG /D _WINDOWS /D _MBCS /Gm /EHsc /RTC1 /MDd /GS /fp:precise /Zc:wchar_t /Zc:forScope /Fo"Debug\\" /Fd"Debug\vc100.pdb" /Gd /TP /analyze- /errorReport:prompt functions.cpp main.cpp
         main.cpp
         functions.cpp
     1>c:\users\tomek\documents\visual studio 2010\projects\czas_1\czas_pracy\msv_czas_pracy\msv_work_timer\msv_work_timer\functions.cpp(275): warning C4101: 'w' : unreferenced local variable
     1>c:\users\tomek\documents\visual studio 2010\projects\czas_1\czas_pracy\msv_czas_pracy\msv_work_timer\msv_work_timer\functions.cpp(275): warning C4101: 'n' : unreferenced local variable
     1>c:\users\tomek\documents\visual studio 2010\projects\czas_1\czas_pracy\msv_czas_pracy\msv_work_timer\msv_work_timer\functions.cpp(548): warning C4996: 'strcpy': This function or variable may be unsafe. Consider using strcpy_s instead. To disable deprecation, use _CRT_SECURE_NO_WARNINGS. See online help for details.
                 e:\visual studio 2010\vc\include\string.h(105) : see declaration of 'strcpy'
     1>c:\users\tomek\documents\visual studio 2010\projects\czas_1\czas_pracy\msv_czas_pracy\msv_work_timer\msv_work_timer\functions.cpp(405): warning C4101: 'dwFileSize' : unreferenced local variable
     1>c:\users\tomek\documents\visual studio 2010\projects\czas_1\czas_pracy\msv_czas_pracy\msv_work_timer\msv_work_timer\functions.cpp(405): warning C4101: 'dwWrittenBytes' : unreferenced local variable
     1>c:\users\tomek\documents\visual studio 2010\projects\czas_1\czas_pracy\msv_czas_pracy\msv_work_timer\msv_work_timer\functions.cpp(406): warning C4101: 'hFile' : unreferenced local variable
     1>c:\users\tomek\documents\visual studio 2010\projects\czas_1\czas_pracy\msv_czas_pracy\msv_work_timer\msv_work_timer\functions.cpp(409): warning C4101: 'lPosition' : unreferenced local variable
     1>c:\users\tomek\documents\visual studio 2010\projects\czas_1\czas_pracy\msv_czas_pracy\msv_work_timer\msv_work_timer\functions.cpp(616): warning C4244: '=' : conversion from 'std::streamoff' to 'DWORD', possible loss of data
     1>c:\users\tomek\documents\visual studio 2010\projects\czas_1\czas_pracy\msv_czas_pracy\msv_work_timer\msv_work_timer\functions.cpp(867): warning C4996: 'strcpy': This function or variable may be unsafe. Consider using strcpy_s instead. To disable deprecation, use _CRT_SECURE_NO_WARNINGS. See online help for details.
                 e:\visual studio 2010\vc\include\string.h(105) : see declaration of 'strcpy'
     1>c:\users\tomek\documents\visual studio 2010\projects\czas_1\czas_pracy\msv_czas_pracy\msv_work_timer\msv_work_timer\functions.cpp(943): warning C4018: '<' : signed/unsigned mismatch
     1>c:\users\tomek\documents\visual studio 2010\projects\czas_1\czas_pracy\msv_czas_pracy\msv_work_timer\msv_work_timer\functions.cpp(987): warning C4996: 'fopen': This function or variable may be unsafe. Consider using fopen_s instead. To disable deprecation, use _CRT_SECURE_NO_WARNINGS. See online help for details.
                 e:\visual studio 2010\vc\include\stdio.h(234) : see declaration of 'fopen'
     1>c:\users\tomek\documents\visual studio 2010\projects\czas_1\czas_pracy\msv_czas_pracy\msv_work_timer\msv_work_timer\functions.cpp(1003): warning C4996: 'vsnprintf': This function or variable may be unsafe. Consider using vsnprintf_s instead. To disable deprecation, use _CRT_SECURE_NO_WARNINGS. See online help for details.
                 e:\visual studio 2010\vc\include\stdio.h(354) : see declaration of 'vsnprintf'
         Generating Code...
       ResourceCompile:
         All outputs are up-to-date.
       ManifestResourceCompile:
         All outputs are up-to-date.
       Link:
         e:\Visual Studio 2010\VC\bin\link.exe /ERRORREPORT:PROMPT /OUT:"C:\Users\Tomek\Documents\Visual Studio 2010\Projects\Czas_1\Czas_pracy\MSV_Czas_Pracy\MSV_Work_timer\Debug\MSV_Work_timer.exe" /INCREMENTAL /NOLOGO comctl32.lib stat_lib.lib stat_lib.lib kernel32.lib user32.lib gdi32.lib winspool.lib comdlg32.lib advapi32.lib shell32.lib ole32.lib oleaut32.lib uuid.lib odbc32.lib odbccp32.lib /MANIFEST /ManifestFile:"Debug\MSV_Work_timer.exe.intermediate.manifest" /MANIFESTUAC:"level='asInvoker' uiAccess='false'" /DEBUG /PDB:"C:\Users\Tomek\Documents\Visual Studio 2010\Projects\Czas_1\Czas_pracy\MSV_Czas_Pracy\MSV_Work_timer\Debug\MSV_Work_timer.pdb" /SUBSYSTEM:WINDOWS /TLBID:1 /DYNAMICBASE /NXCOMPAT /IMPLIB:"C:\Users\Tomek\Documents\Visual Studio 2010\Projects\Czas_1\Czas_pracy\MSV_Czas_Pracy\MSV_Work_timer\Debug\MSV_Work_timer.lib" /MACHINE:X86 Debug\program_resoruces.res
         Debug\MSV_Work_timer.exe.embed.manifest.res
         Debug\functions.obj
         Debug\main.obj
       Manifest:
         C:\Program Files\Microsoft SDKs\Windows\v7.0A\bin\mt.exe /nologo /verbose /out:"Debug\MSV_Work_timer.exe.embed.manifest" /manifest Debug\MSV_Work_timer.exe.intermediate.manifest
         All outputs are up-to-date.
       LinkEmbedManifest:
         All outputs are up-to-date.
         MSV_Work_timer.vcxproj -> C:\Users\Tomek\Documents\Visual Studio 2010\Projects\Czas_1\Czas_pracy\MSV_Czas_Pracy\MSV_Work_timer\Debug\MSV_Work_timer.exe
       FinalizeBuildStatus:
         Deleting file "Debug\MSV_Work_timer.unsuccessfulbuild".
         Touching "Debug\MSV_Work_timer.lastbuildstate".
     1>Done Building Project "C:\Users\Tomek\Documents\Visual Studio 2010\Projects\Czas_1\Czas_pracy\MSV_Czas_Pracy\MSV_Work_timer\MSV_Work_timer\MSV_Work_timer.vcxproj" (build target(s)).

Build succeeded.

Time Elapsed 00:00:08.25
